Vivado Simulator v2024.2.0
Copyright 1986-2022 Xilinx, Inc. All Rights Reserved.
Copyright 2022-2024 Advanced Micro Devices, Inc. All Rights Reserved.
Running: C:/Xilinx/Vivado/2024.2/bin/unwrapped/win64.o/xelab.exe --incr --debug typical --relax --mt 2 -L xil_defaultlib -L uvm -L unisims_ver -L unimacro_ver -L secureip --snapshot decoder_LSTM_cell_tb_behav xil_defaultlib.decoder_LSTM_cell_tb xil_defaultlib.glbl -log elaborate.log 
Using 2 slave threads.
WARNING: [XSIM 43-3431] One or more environment variables have been detected which affect the operation of the C compiler. These are typically not set in standard installations and are not tested by AMD, however they may be appropriate for your system, so the flow will attempt to continue.  If errors occur, try running xelab with the "-mt off -v 1" switches to see more information from the C compiler. The following environment variables have been detected:
Starting static elaboration
Pass Through NonSizing Optimizer
WARNING: [VRFC 10-3823] variable 'h_t' might have multiple concurrent drivers [D:/portfolio/synthesis_lstm/synthesis_lstm.srcs/sources_1/new/lstm_cell.sv:108]
WARNING: [VRFC 10-3823] variable 'c_t' might have multiple concurrent drivers [D:/portfolio/synthesis_lstm/synthesis_lstm.srcs/sources_1/new/lstm_cell.sv:289]
Completed static elaboration
Starting simulation data flow analysis
WARNING: [XSIM 43-4099] "D:/portfolio/synthesis_lstm/synthesis_lstm.srcs/sources_1/new/lstm_cell.sv" Line 1. Module decoder_LSTM_cell doesn't have a timescale but at least one module in design has a timescale.
WARNING: [XSIM 43-4099] "D:/portfolio/synthesis_lstm/synthesis_lstm.srcs/sources_1/new/lstm_cell.sv" Line 523. Module compute_gates doesn't have a timescale but at least one module in design has a timescale.
WARNING: [XSIM 43-4099] "D:/portfolio/synthesis_lstm/synthesis_lstm.srcs/sources_1/new/lstm_cell.sv" Line 409. Module mat_vec_mul doesn't have a timescale but at least one module in design has a timescale.
WARNING: [XSIM 43-4099] "D:/portfolio/synthesis_lstm/synthesis_lstm.srcs/sources_1/new/lstm_cell.sv" Line 800. Module multiplier doesn't have a timescale but at least one module in design has a timescale.
WARNING: [XSIM 43-4099] "D:/portfolio/synthesis_lstm/synthesis_lstm.srcs/sources_1/new/lstm_cell.sv" Line 409. Module mat_vec_mul doesn't have a timescale but at least one module in design has a timescale.
WARNING: [XSIM 43-4099] "D:/portfolio/synthesis_lstm/synthesis_lstm.srcs/sources_1/new/lstm_cell.sv" Line 800. Module multiplier doesn't have a timescale but at least one module in design has a timescale.
WARNING: [XSIM 43-4099] "D:/portfolio/synthesis_lstm/synthesis_lstm.srcs/sources_1/new/lstm_cell.sv" Line 152. Module gate_computation_default doesn't have a timescale but at least one module in design has a timescale.
WARNING: [XSIM 43-4099] "D:/portfolio/synthesis_lstm/synthesis_lstm.srcs/sources_1/new/lstm_cell.sv" Line 947. Module sigmoid_default doesn't have a timescale but at least one module in design has a timescale.
WARNING: [XSIM 43-4099] "D:/portfolio/synthesis_lstm/synthesis_lstm.srcs/sources_1/new/lstm_cell.sv" Line 947. Module sigmoid_default doesn't have a timescale but at least one module in design has a timescale.
WARNING: [XSIM 43-4099] "D:/portfolio/synthesis_lstm/synthesis_lstm.srcs/sources_1/new/lstm_cell.sv" Line 947. Module sigmoid_default doesn't have a timescale but at least one module in design has a timescale.
WARNING: [XSIM 43-4099] "D:/portfolio/synthesis_lstm/synthesis_lstm.srcs/sources_1/new/lstm_cell.sv" Line 849. Module tanh_default doesn't have a timescale but at least one module in design has a timescale.
WARNING: [XSIM 43-4099] "D:/portfolio/synthesis_lstm/synthesis_lstm.srcs/sources_1/new/lstm_cell.sv" Line 849. Module tanh_default doesn't have a timescale but at least one module in design has a timescale.
WARNING: [XSIM 43-4099] "D:/portfolio/synthesis_lstm/synthesis_lstm.srcs/sources_1/new/lstm_cell.sv" Line 800. Module multiplier doesn't have a timescale but at least one module in design has a timescale.
WARNING: [XSIM 43-4099] "D:/portfolio/synthesis_lstm/synthesis_lstm.srcs/sources_1/new/lstm_cell.sv" Line 947. Module sigmoid_default doesn't have a timescale but at least one module in design has a timescale.
WARNING: [XSIM 43-4099] "D:/portfolio/synthesis_lstm/synthesis_lstm.srcs/sources_1/new/lstm_cell.sv" Line 947. Module sigmoid_default doesn't have a timescale but at least one module in design has a timescale.
WARNING: [XSIM 43-4099] "D:/portfolio/synthesis_lstm/synthesis_lstm.srcs/sources_1/new/lstm_cell.sv" Line 947. Module sigmoid_default doesn't have a timescale but at least one module in design has a timescale.
WARNING: [XSIM 43-4099] "D:/portfolio/synthesis_lstm/synthesis_lstm.srcs/sources_1/new/lstm_cell.sv" Line 849. Module tanh_default doesn't have a timescale but at least one module in design has a timescale.
WARNING: [XSIM 43-4099] "D:/portfolio/synthesis_lstm/synthesis_lstm.srcs/sources_1/new/lstm_cell.sv" Line 849. Module tanh_default doesn't have a timescale but at least one module in design has a timescale.
WARNING: [XSIM 43-4099] "D:/portfolio/synthesis_lstm/synthesis_lstm.srcs/sources_1/new/lstm_cell.sv" Line 800. Module multiplier doesn't have a timescale but at least one module in design has a timescale.
WARNING: [XSIM 43-4099] "D:/portfolio/synthesis_lstm/synthesis_lstm.srcs/sources_1/new/lstm_cell.sv" Line 947. Module sigmoid_default doesn't have a timescale but at least one module in design has a timescale.
WARNING: [XSIM 43-4099] "D:/portfolio/synthesis_lstm/synthesis_lstm.srcs/sources_1/new/lstm_cell.sv" Line 947. Module sigmoid_default doesn't have a timescale but at least one module in design has a timescale.
WARNING: [XSIM 43-4099] "D:/portfolio/synthesis_lstm/synthesis_lstm.srcs/sources_1/new/lstm_cell.sv" Line 947. Module sigmoid_default doesn't have a timescale but at least one module in design has a timescale.
WARNING: [XSIM 43-4099] "D:/portfolio/synthesis_lstm/synthesis_lstm.srcs/sources_1/new/lstm_cell.sv" Line 849. Module tanh_default doesn't have a timescale but at least one module in design has a timescale.
WARNING: [XSIM 43-4099] "D:/portfolio/synthesis_lstm/synthesis_lstm.srcs/sources_1/new/lstm_cell.sv" Line 849. Module tanh_default doesn't have a timescale but at least one module in design has a timescale.
WARNING: [XSIM 43-4099] "D:/portfolio/synthesis_lstm/synthesis_lstm.srcs/sources_1/new/lstm_cell.sv" Line 800. Module multiplier doesn't have a timescale but at least one module in design has a timescale.
WARNING: [XSIM 43-4099] "D:/portfolio/synthesis_lstm/synthesis_lstm.srcs/sources_1/new/lstm_cell.sv" Line 947. Module sigmoid_default doesn't have a timescale but at least one module in design has a timescale.
WARNING: [XSIM 43-4099] "D:/portfolio/synthesis_lstm/synthesis_lstm.srcs/sources_1/new/lstm_cell.sv" Line 947. Module sigmoid_default doesn't have a timescale but at least one module in design has a timescale.
WARNING: [XSIM 43-4099] "D:/portfolio/synthesis_lstm/synthesis_lstm.srcs/sources_1/new/lstm_cell.sv" Line 947. Module sigmoid_default doesn't have a timescale but at least one module in design has a timescale.
WARNING: [XSIM 43-4099] "D:/portfolio/synthesis_lstm/synthesis_lstm.srcs/sources_1/new/lstm_cell.sv" Line 849. Module tanh_default doesn't have a timescale but at least one module in design has a timescale.
WARNING: [XSIM 43-4099] "D:/portfolio/synthesis_lstm/synthesis_lstm.srcs/sources_1/new/lstm_cell.sv" Line 849. Module tanh_default doesn't have a timescale but at least one module in design has a timescale.
WARNING: [XSIM 43-4099] "D:/portfolio/synthesis_lstm/synthesis_lstm.srcs/sources_1/new/lstm_cell.sv" Line 800. Module multiplier doesn't have a timescale but at least one module in design has a timescale.
WARNING: [XSIM 43-4099] "D:/portfolio/synthesis_lstm/synthesis_lstm.srcs/sources_1/new/lstm_cell.sv" Line 947. Module sigmoid_default doesn't have a timescale but at least one module in design has a timescale.
WARNING: [XSIM 43-4099] "D:/portfolio/synthesis_lstm/synthesis_lstm.srcs/sources_1/new/lstm_cell.sv" Line 947. Module sigmoid_default doesn't have a timescale but at least one module in design has a timescale.
WARNING: [XSIM 43-4099] "D:/portfolio/synthesis_lstm/synthesis_lstm.srcs/sources_1/new/lstm_cell.sv" Line 947. Module sigmoid_default doesn't have a timescale but at least one module in design has a timescale.
WARNING: [XSIM 43-4099] "D:/portfolio/synthesis_lstm/synthesis_lstm.srcs/sources_1/new/lstm_cell.sv" Line 849. Module tanh_default doesn't have a timescale but at least one module in design has a timescale.
WARNING: [XSIM 43-4099] "D:/portfolio/synthesis_lstm/synthesis_lstm.srcs/sources_1/new/lstm_cell.sv" Line 849. Module tanh_default doesn't have a timescale but at least one module in design has a timescale.
WARNING: [XSIM 43-4099] "D:/portfolio/synthesis_lstm/synthesis_lstm.srcs/sources_1/new/lstm_cell.sv" Line 800. Module multiplier doesn't have a timescale but at least one module in design has a timescale.
WARNING: [XSIM 43-4099] "D:/portfolio/synthesis_lstm/synthesis_lstm.srcs/sources_1/new/lstm_cell.sv" Line 947. Module sigmoid_default doesn't have a timescale but at least one module in design has a timescale.
WARNING: [XSIM 43-4099] "D:/portfolio/synthesis_lstm/synthesis_lstm.srcs/sources_1/new/lstm_cell.sv" Line 947. Module sigmoid_default doesn't have a timescale but at least one module in design has a timescale.
WARNING: [XSIM 43-4099] "D:/portfolio/synthesis_lstm/synthesis_lstm.srcs/sources_1/new/lstm_cell.sv" Line 947. Module sigmoid_default doesn't have a timescale but at least one module in design has a timescale.
WARNING: [XSIM 43-4099] "D:/portfolio/synthesis_lstm/synthesis_lstm.srcs/sources_1/new/lstm_cell.sv" Line 849. Module tanh_default doesn't have a timescale but at least one module in design has a timescale.
WARNING: [XSIM 43-4099] "D:/portfolio/synthesis_lstm/synthesis_lstm.srcs/sources_1/new/lstm_cell.sv" Line 849. Module tanh_default doesn't have a timescale but at least one module in design has a timescale.
WARNING: [XSIM 43-4099] "D:/portfolio/synthesis_lstm/synthesis_lstm.srcs/sources_1/new/lstm_cell.sv" Line 800. Module multiplier doesn't have a timescale but at least one module in design has a timescale.
WARNING: [XSIM 43-4099] "D:/portfolio/synthesis_lstm/synthesis_lstm.srcs/sources_1/new/lstm_cell.sv" Line 947. Module sigmoid_default doesn't have a timescale but at least one module in design has a timescale.
WARNING: [XSIM 43-4099] "D:/portfolio/synthesis_lstm/synthesis_lstm.srcs/sources_1/new/lstm_cell.sv" Line 947. Module sigmoid_default doesn't have a timescale but at least one module in design has a timescale.
WARNING: [XSIM 43-4099] "D:/portfolio/synthesis_lstm/synthesis_lstm.srcs/sources_1/new/lstm_cell.sv" Line 947. Module sigmoid_default doesn't have a timescale but at least one module in design has a timescale.
WARNING: [XSIM 43-4099] "D:/portfolio/synthesis_lstm/synthesis_lstm.srcs/sources_1/new/lstm_cell.sv" Line 849. Module tanh_default doesn't have a timescale but at least one module in design has a timescale.
WARNING: [XSIM 43-4099] "D:/portfolio/synthesis_lstm/synthesis_lstm.srcs/sources_1/new/lstm_cell.sv" Line 849. Module tanh_default doesn't have a timescale but at least one module in design has a timescale.
WARNING: [XSIM 43-4099] "D:/portfolio/synthesis_lstm/synthesis_lstm.srcs/sources_1/new/lstm_cell.sv" Line 800. Module multiplier doesn't have a timescale but at least one module in design has a timescale.
WARNING: [XSIM 43-4099] "D:/portfolio/synthesis_lstm/synthesis_lstm.srcs/sources_1/new/lstm_cell.sv" Line 947. Module sigmoid_default doesn't have a timescale but at least one module in design has a timescale.
WARNING: [XSIM 43-4099] "D:/portfolio/synthesis_lstm/synthesis_lstm.srcs/sources_1/new/lstm_cell.sv" Line 947. Module sigmoid_default doesn't have a timescale but at least one module in design has a timescale.
WARNING: [XSIM 43-4099] "D:/portfolio/synthesis_lstm/synthesis_lstm.srcs/sources_1/new/lstm_cell.sv" Line 947. Module sigmoid_default doesn't have a timescale but at least one module in design has a timescale.
WARNING: [XSIM 43-4099] "D:/portfolio/synthesis_lstm/synthesis_lstm.srcs/sources_1/new/lstm_cell.sv" Line 849. Module tanh_default doesn't have a timescale but at least one module in design has a timescale.
WARNING: [XSIM 43-4099] "D:/portfolio/synthesis_lstm/synthesis_lstm.srcs/sources_1/new/lstm_cell.sv" Line 849. Module tanh_default doesn't have a timescale but at least one module in design has a timescale.
WARNING: [XSIM 43-4099] "D:/portfolio/synthesis_lstm/synthesis_lstm.srcs/sources_1/new/lstm_cell.sv" Line 800. Module multiplier doesn't have a timescale but at least one module in design has a timescale.
WARNING: [XSIM 43-4099] "D:/portfolio/synthesis_lstm/synthesis_lstm.srcs/sources_1/new/lstm_cell.sv" Line 947. Module sigmoid_default doesn't have a timescale but at least one module in design has a timescale.
WARNING: [XSIM 43-4099] "D:/portfolio/synthesis_lstm/synthesis_lstm.srcs/sources_1/new/lstm_cell.sv" Line 947. Module sigmoid_default doesn't have a timescale but at least one module in design has a timescale.
WARNING: [XSIM 43-4099] "D:/portfolio/synthesis_lstm/synthesis_lstm.srcs/sources_1/new/lstm_cell.sv" Line 947. Module sigmoid_default doesn't have a timescale but at least one module in design has a timescale.
WARNING: [XSIM 43-4099] "D:/portfolio/synthesis_lstm/synthesis_lstm.srcs/sources_1/new/lstm_cell.sv" Line 849. Module tanh_default doesn't have a timescale but at least one module in design has a timescale.
WARNING: [XSIM 43-4099] "D:/portfolio/synthesis_lstm/synthesis_lstm.srcs/sources_1/new/lstm_cell.sv" Line 849. Module tanh_default doesn't have a timescale but at least one module in design has a timescale.
WARNING: [XSIM 43-4099] "D:/portfolio/synthesis_lstm/synthesis_lstm.srcs/sources_1/new/lstm_cell.sv" Line 800. Module multiplier doesn't have a timescale but at least one module in design has a timescale.
WARNING: [XSIM 43-4099] "D:/portfolio/synthesis_lstm/synthesis_lstm.srcs/sources_1/new/lstm_cell.sv" Line 947. Module sigmoid_default doesn't have a timescale but at least one module in design has a timescale.
WARNING: [XSIM 43-4099] "D:/portfolio/synthesis_lstm/synthesis_lstm.srcs/sources_1/new/lstm_cell.sv" Line 947. Module sigmoid_default doesn't have a timescale but at least one module in design has a timescale.
WARNING: [XSIM 43-4099] "D:/portfolio/synthesis_lstm/synthesis_lstm.srcs/sources_1/new/lstm_cell.sv" Line 947. Module sigmoid_default doesn't have a timescale but at least one module in design has a timescale.
WARNING: [XSIM 43-4099] "D:/portfolio/synthesis_lstm/synthesis_lstm.srcs/sources_1/new/lstm_cell.sv" Line 849. Module tanh_default doesn't have a timescale but at least one module in design has a timescale.
WARNING: [XSIM 43-4099] "D:/portfolio/synthesis_lstm/synthesis_lstm.srcs/sources_1/new/lstm_cell.sv" Line 849. Module tanh_default doesn't have a timescale but at least one module in design has a timescale.
WARNING: [XSIM 43-4099] "D:/portfolio/synthesis_lstm/synthesis_lstm.srcs/sources_1/new/lstm_cell.sv" Line 800. Module multiplier doesn't have a timescale but at least one module in design has a timescale.
WARNING: [XSIM 43-4099] "D:/portfolio/synthesis_lstm/synthesis_lstm.srcs/sources_1/new/lstm_cell.sv" Line 679. Module calculate_ct doesn't have a timescale but at least one module in design has a timescale.
WARNING: [XSIM 43-4099] "D:/portfolio/synthesis_lstm/synthesis_lstm.srcs/sources_1/new/lstm_cell.sv" Line 800. Module multiplier doesn't have a timescale but at least one module in design has a timescale.
WARNING: [XSIM 43-4099] "D:/portfolio/synthesis_lstm/synthesis_lstm.srcs/sources_1/new/lstm_cell.sv" Line 800. Module multiplier doesn't have a timescale but at least one module in design has a timescale.
WARNING: [XSIM 43-4099] "D:/portfolio/synthesis_lstm/synthesis_lstm.srcs/sources_1/new/lstm_cell.sv" Line 1. Module decoder_LSTM_cell doesn't have a timescale but at least one module in design has a timescale.
WARNING: [XSIM 43-4099] "D:/portfolio/synthesis_lstm/synthesis_lstm.srcs/sources_1/new/lstm_cell.sv" Line 523. Module compute_gates doesn't have a timescale but at least one module in design has a timescale.
WARNING: [XSIM 43-4099] "D:/portfolio/synthesis_lstm/synthesis_lstm.srcs/sources_1/new/lstm_cell.sv" Line 409. Module mat_vec_mul doesn't have a timescale but at least one module in design has a timescale.
WARNING: [XSIM 43-4099] "D:/portfolio/synthesis_lstm/synthesis_lstm.srcs/sources_1/new/lstm_cell.sv" Line 800. Module multiplier doesn't have a timescale but at least one module in design has a timescale.
WARNING: [XSIM 43-4099] "D:/portfolio/synthesis_lstm/synthesis_lstm.srcs/sources_1/new/lstm_cell.sv" Line 409. Module mat_vec_mul doesn't have a timescale but at least one module in design has a timescale.
WARNING: [XSIM 43-4099] "D:/portfolio/synthesis_lstm/synthesis_lstm.srcs/sources_1/new/lstm_cell.sv" Line 800. Module multiplier doesn't have a timescale but at least one module in design has a timescale.
WARNING: [XSIM 43-4099] "D:/portfolio/synthesis_lstm/synthesis_lstm.srcs/sources_1/new/lstm_cell.sv" Line 152. Module gate_computation_default doesn't have a timescale but at least one module in design has a timescale.
WARNING: [XSIM 43-4099] "D:/portfolio/synthesis_lstm/synthesis_lstm.srcs/sources_1/new/lstm_cell.sv" Line 947. Module sigmoid_default doesn't have a timescale but at least one module in design has a timescale.
WARNING: [XSIM 43-4099] "D:/portfolio/synthesis_lstm/synthesis_lstm.srcs/sources_1/new/lstm_cell.sv" Line 947. Module sigmoid_default doesn't have a timescale but at least one module in design has a timescale.
WARNING: [XSIM 43-4099] "D:/portfolio/synthesis_lstm/synthesis_lstm.srcs/sources_1/new/lstm_cell.sv" Line 947. Module sigmoid_default doesn't have a timescale but at least one module in design has a timescale.
WARNING: [XSIM 43-4099] "D:/portfolio/synthesis_lstm/synthesis_lstm.srcs/sources_1/new/lstm_cell.sv" Line 849. Module tanh_default doesn't have a timescale but at least one module in design has a timescale.
WARNING: [XSIM 43-4099] "D:/portfolio/synthesis_lstm/synthesis_lstm.srcs/sources_1/new/lstm_cell.sv" Line 849. Module tanh_default doesn't have a timescale but at least one module in design has a timescale.
WARNING: [XSIM 43-4099] "D:/portfolio/synthesis_lstm/synthesis_lstm.srcs/sources_1/new/lstm_cell.sv" Line 800. Module multiplier doesn't have a timescale but at least one module in design has a timescale.
WARNING: [XSIM 43-4099] "D:/portfolio/synthesis_lstm/synthesis_lstm.srcs/sources_1/new/lstm_cell.sv" Line 947. Module sigmoid_default doesn't have a timescale but at least one module in design has a timescale.
WARNING: [XSIM 43-4099] "D:/portfolio/synthesis_lstm/synthesis_lstm.srcs/sources_1/new/lstm_cell.sv" Line 947. Module sigmoid_default doesn't have a timescale but at least one module in design has a timescale.
WARNING: [XSIM 43-4099] "D:/portfolio/synthesis_lstm/synthesis_lstm.srcs/sources_1/new/lstm_cell.sv" Line 947. Module sigmoid_default doesn't have a timescale but at least one module in design has a timescale.
WARNING: [XSIM 43-4099] "D:/portfolio/synthesis_lstm/synthesis_lstm.srcs/sources_1/new/lstm_cell.sv" Line 849. Module tanh_default doesn't have a timescale but at least one module in design has a timescale.
WARNING: [XSIM 43-4099] "D:/portfolio/synthesis_lstm/synthesis_lstm.srcs/sources_1/new/lstm_cell.sv" Line 849. Module tanh_default doesn't have a timescale but at least one module in design has a timescale.
WARNING: [XSIM 43-4099] "D:/portfolio/synthesis_lstm/synthesis_lstm.srcs/sources_1/new/lstm_cell.sv" Line 800. Module multiplier doesn't have a timescale but at least one module in design has a timescale.
WARNING: [XSIM 43-4099] "D:/portfolio/synthesis_lstm/synthesis_lstm.srcs/sources_1/new/lstm_cell.sv" Line 947. Module sigmoid_default doesn't have a timescale but at least one module in design has a timescale.
WARNING: [XSIM 43-4099] "D:/portfolio/synthesis_lstm/synthesis_lstm.srcs/sources_1/new/lstm_cell.sv" Line 947. Module sigmoid_default doesn't have a timescale but at least one module in design has a timescale.
WARNING: [XSIM 43-4099] "D:/portfolio/synthesis_lstm/synthesis_lstm.srcs/sources_1/new/lstm_cell.sv" Line 947. Module sigmoid_default doesn't have a timescale but at least one module in design has a timescale.
WARNING: [XSIM 43-4099] "D:/portfolio/synthesis_lstm/synthesis_lstm.srcs/sources_1/new/lstm_cell.sv" Line 849. Module tanh_default doesn't have a timescale but at least one module in design has a timescale.
WARNING: [XSIM 43-4099] "D:/portfolio/synthesis_lstm/synthesis_lstm.srcs/sources_1/new/lstm_cell.sv" Line 849. Module tanh_default doesn't have a timescale but at least one module in design has a timescale.
WARNING: [XSIM 43-4099] "D:/portfolio/synthesis_lstm/synthesis_lstm.srcs/sources_1/new/lstm_cell.sv" Line 800. Module multiplier doesn't have a timescale but at least one module in design has a timescale.
WARNING: [XSIM 43-4099] "D:/portfolio/synthesis_lstm/synthesis_lstm.srcs/sources_1/new/lstm_cell.sv" Line 947. Module sigmoid_default doesn't have a timescale but at least one module in design has a timescale.
WARNING: [XSIM 43-4099] "D:/portfolio/synthesis_lstm/synthesis_lstm.srcs/sources_1/new/lstm_cell.sv" Line 947. Module sigmoid_default doesn't have a timescale but at least one module in design has a timescale.
WARNING: [XSIM 43-4099] "D:/portfolio/synthesis_lstm/synthesis_lstm.srcs/sources_1/new/lstm_cell.sv" Line 947. Module sigmoid_default doesn't have a timescale but at least one module in design has a timescale.
WARNING: [XSIM 43-4099] "D:/portfolio/synthesis_lstm/synthesis_lstm.srcs/sources_1/new/lstm_cell.sv" Line 849. Module tanh_default doesn't have a timescale but at least one module in design has a timescale.
WARNING: [XSIM 43-4099] "D:/portfolio/synthesis_lstm/synthesis_lstm.srcs/sources_1/new/lstm_cell.sv" Line 849. Module tanh_default doesn't have a timescale but at least one module in design has a timescale.
WARNING: [XSIM 43-4099] "D:/portfolio/synthesis_lstm/synthesis_lstm.srcs/sources_1/new/lstm_cell.sv" Line 800. Module multiplier doesn't have a timescale but at least one module in design has a timescale.
WARNING: [XSIM 43-4099] "D:/portfolio/synthesis_lstm/synthesis_lstm.srcs/sources_1/new/lstm_cell.sv" Line 947. Module sigmoid_default doesn't have a timescale but at least one module in design has a timescale.
WARNING: [XSIM 43-4099] "D:/portfolio/synthesis_lstm/synthesis_lstm.srcs/sources_1/new/lstm_cell.sv" Line 947. Module sigmoid_default doesn't have a timescale but at least one module in design has a timescale.
WARNING: [XSIM 43-4099] "D:/portfolio/synthesis_lstm/synthesis_lstm.srcs/sources_1/new/lstm_cell.sv" Line 947. Module sigmoid_default doesn't have a timescale but at least one module in design has a timescale.
WARNING: [XSIM 43-4099] "D:/portfolio/synthesis_lstm/synthesis_lstm.srcs/sources_1/new/lstm_cell.sv" Line 849. Module tanh_default doesn't have a timescale but at least one module in design has a timescale.
WARNING: [XSIM 43-4099] "D:/portfolio/synthesis_lstm/synthesis_lstm.srcs/sources_1/new/lstm_cell.sv" Line 849. Module tanh_default doesn't have a timescale but at least one module in design has a timescale.
WARNING: [XSIM 43-4099] "D:/portfolio/synthesis_lstm/synthesis_lstm.srcs/sources_1/new/lstm_cell.sv" Line 800. Module multiplier doesn't have a timescale but at least one module in design has a timescale.
WARNING: [XSIM 43-4099] "D:/portfolio/synthesis_lstm/synthesis_lstm.srcs/sources_1/new/lstm_cell.sv" Line 947. Module sigmoid_default doesn't have a timescale but at least one module in design has a timescale.
WARNING: [XSIM 43-4099] "D:/portfolio/synthesis_lstm/synthesis_lstm.srcs/sources_1/new/lstm_cell.sv" Line 947. Module sigmoid_default doesn't have a timescale but at least one module in design has a timescale.
WARNING: [XSIM 43-4099] "D:/portfolio/synthesis_lstm/synthesis_lstm.srcs/sources_1/new/lstm_cell.sv" Line 947. Module sigmoid_default doesn't have a timescale but at least one module in design has a timescale.
WARNING: [XSIM 43-4099] "D:/portfolio/synthesis_lstm/synthesis_lstm.srcs/sources_1/new/lstm_cell.sv" Line 849. Module tanh_default doesn't have a timescale but at least one module in design has a timescale.
WARNING: [XSIM 43-4099] "D:/portfolio/synthesis_lstm/synthesis_lstm.srcs/sources_1/new/lstm_cell.sv" Line 849. Module tanh_default doesn't have a timescale but at least one module in design has a timescale.
WARNING: [XSIM 43-4099] "D:/portfolio/synthesis_lstm/synthesis_lstm.srcs/sources_1/new/lstm_cell.sv" Line 800. Module multiplier doesn't have a timescale but at least one module in design has a timescale.
WARNING: [XSIM 43-4099] "D:/portfolio/synthesis_lstm/synthesis_lstm.srcs/sources_1/new/lstm_cell.sv" Line 947. Module sigmoid_default doesn't have a timescale but at least one module in design has a timescale.
WARNING: [XSIM 43-4099] "D:/portfolio/synthesis_lstm/synthesis_lstm.srcs/sources_1/new/lstm_cell.sv" Line 947. Module sigmoid_default doesn't have a timescale but at least one module in design has a timescale.
WARNING: [XSIM 43-4099] "D:/portfolio/synthesis_lstm/synthesis_lstm.srcs/sources_1/new/lstm_cell.sv" Line 947. Module sigmoid_default doesn't have a timescale but at least one module in design has a timescale.
WARNING: [XSIM 43-4099] "D:/portfolio/synthesis_lstm/synthesis_lstm.srcs/sources_1/new/lstm_cell.sv" Line 849. Module tanh_default doesn't have a timescale but at least one module in design has a timescale.
WARNING: [XSIM 43-4099] "D:/portfolio/synthesis_lstm/synthesis_lstm.srcs/sources_1/new/lstm_cell.sv" Line 849. Module tanh_default doesn't have a timescale but at least one module in design has a timescale.
WARNING: [XSIM 43-4099] "D:/portfolio/synthesis_lstm/synthesis_lstm.srcs/sources_1/new/lstm_cell.sv" Line 800. Module multiplier doesn't have a timescale but at least one module in design has a timescale.
WARNING: [XSIM 43-4099] "D:/portfolio/synthesis_lstm/synthesis_lstm.srcs/sources_1/new/lstm_cell.sv" Line 947. Module sigmoid_default doesn't have a timescale but at least one module in design has a timescale.
WARNING: [XSIM 43-4099] "D:/portfolio/synthesis_lstm/synthesis_lstm.srcs/sources_1/new/lstm_cell.sv" Line 947. Module sigmoid_default doesn't have a timescale but at least one module in design has a timescale.
WARNING: [XSIM 43-4099] "D:/portfolio/synthesis_lstm/synthesis_lstm.srcs/sources_1/new/lstm_cell.sv" Line 947. Module sigmoid_default doesn't have a timescale but at least one module in design has a timescale.
WARNING: [XSIM 43-4099] "D:/portfolio/synthesis_lstm/synthesis_lstm.srcs/sources_1/new/lstm_cell.sv" Line 849. Module tanh_default doesn't have a timescale but at least one module in design has a timescale.
WARNING: [XSIM 43-4099] "D:/portfolio/synthesis_lstm/synthesis_lstm.srcs/sources_1/new/lstm_cell.sv" Line 849. Module tanh_default doesn't have a timescale but at least one module in design has a timescale.
WARNING: [XSIM 43-4099] "D:/portfolio/synthesis_lstm/synthesis_lstm.srcs/sources_1/new/lstm_cell.sv" Line 800. Module multiplier doesn't have a timescale but at least one module in design has a timescale.
WARNING: [XSIM 43-4099] "D:/portfolio/synthesis_lstm/synthesis_lstm.srcs/sources_1/new/lstm_cell.sv" Line 947. Module sigmoid_default doesn't have a timescale but at least one module in design has a timescale.
WARNING: [XSIM 43-4099] "D:/portfolio/synthesis_lstm/synthesis_lstm.srcs/sources_1/new/lstm_cell.sv" Line 947. Module sigmoid_default doesn't have a timescale but at least one module in design has a timescale.
WARNING: [XSIM 43-4099] "D:/portfolio/synthesis_lstm/synthesis_lstm.srcs/sources_1/new/lstm_cell.sv" Line 947. Module sigmoid_default doesn't have a timescale but at least one module in design has a timescale.
WARNING: [XSIM 43-4099] "D:/portfolio/synthesis_lstm/synthesis_lstm.srcs/sources_1/new/lstm_cell.sv" Line 849. Module tanh_default doesn't have a timescale but at least one module in design has a timescale.
WARNING: [XSIM 43-4099] "D:/portfolio/synthesis_lstm/synthesis_lstm.srcs/sources_1/new/lstm_cell.sv" Line 849. Module tanh_default doesn't have a timescale but at least one module in design has a timescale.
WARNING: [XSIM 43-4099] "D:/portfolio/synthesis_lstm/synthesis_lstm.srcs/sources_1/new/lstm_cell.sv" Line 800. Module multiplier doesn't have a timescale but at least one module in design has a timescale.
WARNING: [XSIM 43-4099] "D:/portfolio/synthesis_lstm/synthesis_lstm.srcs/sources_1/new/lstm_cell.sv" Line 947. Module sigmoid_default doesn't have a timescale but at least one module in design has a timescale.
WARNING: [XSIM 43-4099] "D:/portfolio/synthesis_lstm/synthesis_lstm.srcs/sources_1/new/lstm_cell.sv" Line 947. Module sigmoid_default doesn't have a timescale but at least one module in design has a timescale.
WARNING: [XSIM 43-4099] "D:/portfolio/synthesis_lstm/synthesis_lstm.srcs/sources_1/new/lstm_cell.sv" Line 947. Module sigmoid_default doesn't have a timescale but at least one module in design has a timescale.
WARNING: [XSIM 43-4099] "D:/portfolio/synthesis_lstm/synthesis_lstm.srcs/sources_1/new/lstm_cell.sv" Line 849. Module tanh_default doesn't have a timescale but at least one module in design has a timescale.
WARNING: [XSIM 43-4099] "D:/portfolio/synthesis_lstm/synthesis_lstm.srcs/sources_1/new/lstm_cell.sv" Line 849. Module tanh_default doesn't have a timescale but at least one module in design has a timescale.
WARNING: [XSIM 43-4099] "D:/portfolio/synthesis_lstm/synthesis_lstm.srcs/sources_1/new/lstm_cell.sv" Line 800. Module multiplier doesn't have a timescale but at least one module in design has a timescale.
WARNING: [XSIM 43-4099] "D:/portfolio/synthesis_lstm/synthesis_lstm.srcs/sources_1/new/lstm_cell.sv" Line 679. Module calculate_ct doesn't have a timescale but at least one module in design has a timescale.
WARNING: [XSIM 43-4099] "D:/portfolio/synthesis_lstm/synthesis_lstm.srcs/sources_1/new/lstm_cell.sv" Line 800. Module multiplier doesn't have a timescale but at least one module in design has a timescale.
WARNING: [XSIM 43-4099] "D:/portfolio/synthesis_lstm/synthesis_lstm.srcs/sources_1/new/lstm_cell.sv" Line 800. Module multiplier doesn't have a timescale but at least one module in design has a timescale.
Completed simulation data flow analysis
Time Resolution for simulation is 1ps
Compiling module xil_defaultlib.multiplier
Compiling module xil_defaultlib.mat_vec_mul
Compiling module xil_defaultlib.compute_gates
Compiling module xil_defaultlib.sigmoid_default
Compiling module xil_defaultlib.tanh_default
Compiling module xil_defaultlib.calculate_ct
Compiling module xil_defaultlib.gate_computation_default
Compiling module xil_defaultlib.decoder_LSTM_cell
Compiling module xil_defaultlib.decoder_LSTM_cell_tb
Compiling module xil_defaultlib.glbl
Built simulation snapshot decoder_LSTM_cell_tb_behav
